C51 COMPILER V9.60.0.0   I2C                                                               06/13/2019 17:39:15 PAGE 1   


C51 COMPILER V9.60.0.0, COMPILATION OF MODULE I2C
OBJECT MODULE PLACED IN .\Objects\I2C.obj
COMPILER INVOKED BY: C:\Dev\program\51keil9\C51\BIN\C51.EXE I2C.c OPTIMIZE(8,SPEED) BROWSE DEBUG OBJECTEXTEND PRINT(.\Li
                    -stings\I2C.lst) OBJECT(.\Objects\I2C.obj)

line level    source

   1          #include <reg52.h>
   2          #include <intrins.h>
   3          
   4          
   5          sbit I2C_SCL=P2^1;
   6          sbit I2C_SDA=P2^0;
   7          
   8          void I2CDelay();
   9          void I2CStart();
  10          void I2CStop();
  11          unsigned char I2CReadNAK();
  12          unsigned char I2CReadACK();
  13          bit I2CWrite(unsigned char dat);
  14          
  15          void I2CDelay(){
  16   1              unsigned char a;
  17   1              unsigned char b;
  18   1              for(b=1;b>0;b--){
  19   2                      for(a=2;a>0;a--);
  20   2              }
  21   1      }
  22          
  23          void I2CStart(){
  24   1              I2C_SDA=1;
  25   1              I2CDelay();
  26   1              I2C_SCL=1;
  27   1              I2CDelay();
  28   1              I2C_SDA=0;
  29   1              I2CDelay();
  30   1              I2C_SCL=0;
  31   1              I2CDelay();
  32   1      }
  33          
  34          void I2CStop(){
  35   1              I2C_SCL=0;
  36   1              I2CDelay();
  37   1              I2C_SDA=0;
  38   1              I2CDelay();
  39   1              I2C_SCL=1;
  40   1              I2CDelay();
  41   1              I2C_SDA=1;
  42   1              I2CDelay();
  43   1      }
  44          
  45          bit I2CWrite(unsigned char dat){
  46   1              bit ack;
  47   1              unsigned char mask;
  48   1              
  49   1              for(mask=0x80;mask!=0;mask>>=1){
  50   2                      if((mask&dat)==0){
  51   3                              I2C_SDA=0;
  52   3                      }else{
  53   3                              I2C_SDA=1;
  54   3                      }
C51 COMPILER V9.60.0.0   I2C                                                               06/13/2019 17:39:15 PAGE 2   

  55   2                      I2CDelay();
  56   2                      I2C_SCL=1;
  57   2                      I2CDelay();
  58   2                      I2C_SCL=0;
  59   2              }
  60   1              I2C_SDA=1;
  61   1              I2CDelay();
  62   1              I2C_SCL=1;
  63   1              I2CDelay();
  64   1              ack=I2C_SDA;
  65   1              I2CDelay();
  66   1              I2C_SCL=0;
  67   1              return (~ack);  
  68   1      }
  69          
  70          unsigned char I2CReadNAK(){
  71   1              unsigned char mask;
  72   1              unsigned char dat;
  73   1              I2C_SDA=1;
  74   1              for(mask=0x80;mask!=0;mask>>=1){
  75   2                      I2CDelay();
  76   2                      I2C_SCL=1;
  77   2                      if(I2C_SDA==0){
  78   3                              dat&=~mask;
  79   3                      }else{
  80   3                              dat|=mask;
  81   3                      }
  82   2                      I2CDelay();
  83   2                      I2C_SCL=0;
  84   2              }
  85   1              I2C_SDA=1;
  86   1              I2CDelay();
  87   1              I2C_SCL=1;
  88   1              I2CDelay();
  89   1              I2C_SCL=0;
  90   1              return dat;
  91   1      }
  92          
  93          unsigned char I2CReadACK(){
  94   1              unsigned char mask;
  95   1              unsigned char dat;
  96   1              I2C_SDA=1;
  97   1              for(mask=0x80;mask!=0;mask>>=1){
  98   2                      I2CDelay();
  99   2                      I2C_SCL=1;
 100   2                      if(I2C_SDA==0){
 101   3                              dat&=~mask;
 102   3                      }else{
 103   3                              dat|=mask;
 104   3                      }
 105   2                      I2CDelay();
 106   2                      I2C_SCL=0;
 107   2              }
 108   1              I2C_SDA=0;
 109   1              I2CDelay();
 110   1              I2C_SCL=1;
 111   1              I2CDelay();
 112   1              I2C_SCL=0;
 113   1              return dat;
 114   1      }


C51 COMPILER V9.60.0.0   I2C                                                               06/13/2019 17:39:15 PAGE 3   

MODULE INFORMATION:   STATIC OVERLAYABLE
   CODE SIZE        =    195    ----
   CONSTANT SIZE    =   ----    ----
   XDATA SIZE       =   ----    ----
   PDATA SIZE       =   ----    ----
   DATA SIZE        =   ----    ----
   IDATA SIZE       =   ----    ----
   BIT SIZE         =   ----       1
END OF MODULE INFORMATION.


C51 COMPILATION COMPLETE.  0 WARNING(S),  0 ERROR(S)
