C51 COMPILER V9.60.0.0   MAIN                                                              06/13/2019 17:40:15 PAGE 1   


C51 COMPILER V9.60.0.0, COMPILATION OF MODULE MAIN
OBJECT MODULE PLACED IN .\Objects\main.obj
COMPILER INVOKED BY: C:\Dev\program\51keil9\C51\BIN\C51.EXE main.c OPTIMIZE(8,SPEED) BROWSE DEBUG OBJECTEXTEND PRINT(.\L
                    -istings\main.lst) OBJECT(.\Objects\main.obj)

line level    source

   1          #include <reg52.h>
   2          
   3          bit flag300ms=1;
   4          unsigned char T0RH=0;
   5          unsigned char T0RL=0;
   6          
   7          void ConfigTimer0(unsigned int ms);
   8          unsigned char GetADCValue(unsigned char chn);
   9          void ValueToString(unsigned char *str,unsigned char val);
  10          
  11          
  12          extern void LcdInit();
  13          extern void LcdShowStr(unsigned char x,unsigned char y,unsigned char *str);
  14          extern void LcdAreaClear(unsigned char x,unsigned char y,unsigned char len);
  15          extern void I2CStart();
  16          extern void I2CStop();
  17          extern unsigned char I2CReadACK();
  18          extern unsigned char I2CReadNAK();
  19          extern bit I2CWrite(unsigned char dat);
  20          
  21          void main(){
  22   1              unsigned char val;
  23   1              unsigned char str[10];
  24   1              EA=1;
  25   1              ConfigTimer0(10);
  26   1              LcdInit();
  27   1              LcdShowStr(0,0,"AIN0 AIN1 AIN2");
  28   1              
  29   1              while(1){
  30   2                      if(flag300ms){
  31   3                              flag300ms=0;
  32   3                              LcdAreaClear(0,1,16);
  33   3                              val=GetADCValue(0);
  34   3                              ValueToString(str,val);
  35   3                              LcdShowStr(0,1,str);
  36   3                              val=GetADCValue(1);
  37   3                              ValueToString(str,val);
  38   3                              LcdShowStr(6,1,str);
  39   3                              val=GetADCValue(3);
  40   3                              ValueToString(str,val);
  41   3                              LcdShowStr(12,1,str);
  42   3                      }
  43   2              }
  44   1      }
  45          
  46          void ConfigTimer0(unsigned int ms){
  47   1              unsigned char tmp;
  48   1              tmp=24576000/12/1000*ms;
  49   1              tmp=65536-tmp;
  50   1              tmp+=33;
  51   1              T0RH=(unsigned char)(tmp>>8);
  52   1              T0RL=(unsigned char)tmp;
  53   1              TMOD&=0xf0;
  54   1              TMOD|=0x01;
C51 COMPILER V9.60.0.0   MAIN                                                              06/13/2019 17:40:15 PAGE 2   

  55   1              TH0=T0RH;
  56   1              TL0=T0RL;
  57   1              ET0=1;
  58   1              TR0=1;
  59   1      }
  60          
  61          void InterruptTimer0() interrupt 1{
  62   1              static unsigned char i=0;
  63   1              TH0=T0RH;
  64   1              TL0=T0RL;
  65   1              i++;
  66   1              if(i>=30){
  67   2                      i=0;
  68   2                      flag300ms=1;
  69   2              }
  70   1      }
  71          
  72          void ValueToString(unsigned char *str,unsigned char val){
  73   1              val=val*25/255;
  74   1              str[0]=(val/10)+'0';
  75   1              str[1]='.';
  76   1              str[2]=(val%10)+'0';
  77   1              str[3]='V';
  78   1              str[4]='\0';
  79   1      }
  80          
  81          unsigned char GetADCValue(unsigned char chn){
  82   1              unsigned char val;
  83   1              I2CStart();
  84   1              if(!I2CWrite(0x48<<1)){
  85   2                      I2CStop();
  86   2                      return 0;
  87   2              }
  88   1              
  89   1              I2CWrite(0x40|chn);
  90   1              I2CStart();
  91   1              I2CWrite((0x40<<1)|0x01);
  92   1              I2CReadACK();
  93   1              val=I2CReadNAK();
  94   1              I2CStop();
  95   1              return val;
  96   1      }


MODULE INFORMATION:   STATIC OVERLAYABLE
   CODE SIZE        =    309    ----
   CONSTANT SIZE    =     15    ----
   XDATA SIZE       =   ----    ----
   PDATA SIZE       =   ----    ----
   DATA SIZE        =      3      16
   IDATA SIZE       =   ----    ----
   BIT SIZE         =      1    ----
END OF MODULE INFORMATION.


C51 COMPILATION COMPLETE.  0 WARNING(S),  0 ERROR(S)
