C51 COMPILER V9.60.0.0   1602                                                              06/07/2019 21:14:13 PAGE 1   


C51 COMPILER V9.60.0.0, COMPILATION OF MODULE 1602
OBJECT MODULE PLACED IN .\Objects\1602.obj
COMPILER INVOKED BY: C:\Dev\program\51keil9\C51\BIN\C51.EXE 1602.c OPTIMIZE(8,SPEED) BROWSE DEBUG OBJECTEXTEND PRINT(.\L
                    -istings\1602.lst) OBJECT(.\Objects\1602.obj)

line level    source

   1          #include <reg52.h>
   2          #define LCD_DB P0
   3          
   4          sbit LCD_RS=P2^6;
   5          sbit LCD_RW=P2^5;
   6          sbit LCD_E=P2^7;
   7          
   8          
   9          void InitLcd();
  10          void LcdWaitReady();
  11          void LcdWriteCmd(unsigned char cmd);
  12          void LcdWriteDat(unsigned char dat);
  13          void LcdSetCursor(unsigned char x,unsigned char y);
  14          void LcdShowStr(unsigned char x,unsigned char y,unsigned char *str,unsigned char len);
  15          
  16          
  17          
  18          void InitLcd(){
  19   1              LcdWriteCmd(0x38);
  20   1              LcdWriteCmd(0x0c);
  21   1              LcdWriteCmd(0x06);
  22   1              LcdWriteCmd(0x01);
  23   1      }
  24          
  25          void LcdWaitReady(){
  26   1              unsigned char sta;
  27   1              LCD_DB=0xff;
  28   1              LCD_RS=0;
  29   1              LCD_RW=1;
  30   1              do{
  31   2                      LCD_E=1;
  32   2                      sta=LCD_DB;
  33   2                      LCD_E=0;
  34   2              }while(sta&0x80);
  35   1      }
  36          
  37          void LcdWriteCmd(unsigned char cmd){
  38   1              LcdWaitReady();
  39   1              LCD_RS=0;
  40   1              LCD_RW=0;
  41   1              LCD_DB=cmd;
  42   1              LCD_E=1;
  43   1              LCD_E=0;
  44   1      }
  45          
  46          void LcdWriteDat(unsigned char dat){
  47   1              LcdWaitReady();
  48   1              LCD_RS=1;
  49   1              LCD_RW=0;
  50   1              LCD_DB=dat;
  51   1              LCD_E=1;
  52   1              LCD_E=0;
  53   1      }
  54          
C51 COMPILER V9.60.0.0   1602                                                              06/07/2019 21:14:13 PAGE 2   

  55          void LcdSetCursor(unsigned char x,unsigned char y){
  56   1              unsigned char addr;
  57   1              if(y==0){
  58   2                      addr=0x00+x;
  59   2              }else{
  60   2                      addr=0x40+x;
  61   2              }
  62   1              LcdWriteCmd(addr|0x80);
  63   1      }
  64          
  65          void LcdShowStr(unsigned char x,unsigned char y,unsigned char *str,unsigned char len){
  66   1              LcdSetCursor(x,y);
  67   1              while(len--){
  68   2                      LcdWriteDat(*str);
  69   2                      str++;
  70   2              }
  71   1      }


MODULE INFORMATION:   STATIC OVERLAYABLE
   CODE SIZE        =    115    ----
   CONSTANT SIZE    =   ----    ----
   XDATA SIZE       =   ----    ----
   PDATA SIZE       =   ----    ----
   DATA SIZE        =   ----       6
   IDATA SIZE       =   ----    ----
   BIT SIZE         =   ----    ----
END OF MODULE INFORMATION.


C51 COMPILATION COMPLETE.  0 WARNING(S),  0 ERROR(S)
