C51 COMPILER V9.60.0.0   EEPROM                                                            06/12/2019 11:35:03 PAGE 1   


C51 COMPILER V9.60.0.0, COMPILATION OF MODULE EEPROM
OBJECT MODULE PLACED IN .\Objects\eeprom.obj
COMPILER INVOKED BY: C:\Dev\program\51keil9\C51\BIN\C51.EXE eeprom.c OPTIMIZE(8,SPEED) BROWSE DEBUG OBJECTEXTEND PRINT(.
                    -\Listings\eeprom.lst) OBJECT(.\Objects\eeprom.obj)

line level    source

   1          #include <reg52.h>
   2          typedef unsigned char uchar;
   3          
   4          extern void I2CStart();
   5          extern void I2CStop();
   6          extern unsigned char I2CReadACK();
   7          extern unsigned char I2CReadNAK();
   8          extern bit I2CWrite(unsigned char dat);
   9          
  10          void E2Read(unsigned char *buf,unsigned char addr,unsigned char len);
  11          void E2Write(unsigned char *buf,unsigned char addr,unsigned char len);
  12          
  13          void E2Read(unsigned char *buf,unsigned char addr,unsigned char len){
  14   1              do{
  15   2                      I2CStart();
  16   2                      if(I2CWrite(0x50<<1)){
  17   3                              break;
  18   3                      }
  19   2              }while(1);
  20   1              
  21   1              I2CWrite(addr);
  22   1              I2CStart();
  23   1              I2CWrite((0x50<<1)|0x01);
  24   1              while(len>1){
  25   2                      *buf++=I2CReadACK();
  26   2                      len--;
  27   2              }
  28   1              *buf=I2CReadNAK();
  29   1              I2CStop();
  30   1      }
  31          
  32          void E2Write(unsigned char *buf,unsigned char addr,unsigned char len){
  33   1              while(len>0){
  34   2                      do{
  35   3                              I2CStart();
  36   3                              if(I2CWrite(0x50<<1)){
  37   4                                      break;
  38   4                              }
  39   3                              I2CStop();
  40   3                      }while(1);
  41   2                      
  42   2                      I2CWrite(addr);
  43   2                      while(len>0){
  44   3                              I2CWrite(*buf++);
  45   3                              len--;
  46   3                              addr++;
  47   3                              if((addr&0x0F)==0){
  48   4                                      break;
  49   4                              }
  50   3                      }
  51   2                      I2CStop();
  52   2              }
  53   1      }

C51 COMPILER V9.60.0.0   EEPROM                                                            06/12/2019 11:35:03 PAGE 2   


MODULE INFORMATION:   STATIC OVERLAYABLE
   CODE SIZE        =    170    ----
   CONSTANT SIZE    =   ----    ----
   XDATA SIZE       =   ----    ----
   PDATA SIZE       =   ----    ----
   DATA SIZE        =   ----      10
   IDATA SIZE       =   ----    ----
   BIT SIZE         =   ----    ----
END OF MODULE INFORMATION.


C51 COMPILATION COMPLETE.  0 WARNING(S),  0 ERROR(S)
