C51 COMPILER V9.60.0.0   1602                                                              06/07/2019 19:09:17 PAGE 1   


C51 COMPILER V9.60.0.0, COMPILATION OF MODULE 1602
OBJECT MODULE PLACED IN .\Objects\1602.obj
COMPILER INVOKED BY: C:\Dev\program\51keil9\C51\BIN\C51.EXE 1602.c OPTIMIZE(8,SPEED) BROWSE DEBUG OBJECTEXTEND PRINT(.\L
                    -istings\1602.lst) OBJECT(.\Objects\1602.obj)

line level    source

   1          #include <reg52.h>
   2          #define LCD_DB P0
   3          sbit LCD_RS=P2^6;
   4          sbit LCD_RW=P2^5;
   5          sbit LCD_E=P2^7;
   6          
   7          void InitLcd();
   8          void LcdWaitReady();
   9          void LcdWriteCmd(unsigned char cmd);
  10          void LcdWriteDat(unsigned char dat);
  11          void LcdSetCursor(unsigned char x,unsigned char y);
  12          void LcdShowStr(unsigned char x,unsigned char y,unsigned char *str);
  13          
  14          
  15          void main(void){
  16   1              unsigned char str[]="0123456789abcdef";
  17   1              InitLcd();
  18   1              LcdShowStr(0,0,str);
  19   1              while(1);
  20   1      }
  21          
  22          void InitLcd(){
  23   1              LcdWriteCmd(0x38);
  24   1              LcdWriteCmd(0x0f);//0000 1111
  25   1              LcdWriteCmd(0x06);//0000 0110
  26   1              LcdWriteCmd(0x01);
  27   1      }
  28          
  29          void LcdWaitReady(){
  30   1              unsigned char sta;
  31   1              LCD_DB=0xff;
  32   1              LCD_RS=0;
  33   1              LCD_RW=1;
  34   1              do{
  35   2                      
  36   2                      LCD_E=1;
  37   2                      sta=LCD_DB;
  38   2                      LCD_E=0;
  39   2              }while(sta&0x80);
  40   1      }
  41          
  42          void LcdWriteCmd(unsigned char cmd){
  43   1              LcdWaitReady();
  44   1              LCD_RS=0;
  45   1              LCD_RW=0;
  46   1              LCD_DB=cmd;
  47   1              LCD_E=1;
  48   1              LCD_E=0;
  49   1      }
  50          
  51          void LcdWriteDat(unsigned char dat){
  52   1              LcdWaitReady();
  53   1              LCD_RS=1;
  54   1              LCD_RW=0;
C51 COMPILER V9.60.0.0   1602                                                              06/07/2019 19:09:17 PAGE 2   

  55   1              LCD_DB=dat;
  56   1              LCD_E=1;
  57   1              LCD_E=0;
  58   1      }
  59          
  60          void LcdSetCursor(unsigned char x,unsigned char y){
  61   1              unsigned char addr;
  62   1              if(y==0){
  63   2                      addr=0x00+x;
  64   2              }else{
  65   2                      addr=0x40+x;
  66   2              }
  67   1              LcdWriteCmd(addr|0x80);
  68   1      }
  69          
  70          void LcdShowStr(unsigned char x,unsigned char y,unsigned char *str){
  71   1              LcdSetCursor(x,y);
  72   1              while(*str!='\0'){
  73   2                      unsigned int i=0;
  74   2                      for(i=0;i<30000;++i);
  75   2                      LcdWriteDat(*str);
  76   2                      str++;
  77   2              }
  78   1      }


MODULE INFORMATION:   STATIC OVERLAYABLE
   CODE SIZE        =    174    ----
   CONSTANT SIZE    =     17    ----
   XDATA SIZE       =   ----    ----
   PDATA SIZE       =   ----    ----
   DATA SIZE        =   ----      19
   IDATA SIZE       =   ----    ----
   BIT SIZE         =   ----    ----
END OF MODULE INFORMATION.


C51 COMPILATION COMPLETE.  0 WARNING(S),  0 ERROR(S)
