C51 COMPILER V9.60.0.0   MAIN                                                              06/09/2019 22:37:25 PAGE 1   


C51 COMPILER V9.60.0.0, COMPILATION OF MODULE MAIN
OBJECT MODULE PLACED IN .\Objects\main.obj
COMPILER INVOKED BY: C:\Dev\program\51keil9\C51\BIN\C51.EXE main.c OPTIMIZE(8,SPEED) BROWSE DEBUG OBJECTEXTEND PRINT(.\L
                    -istings\main.lst) OBJECT(.\Objects\main.obj)

line level    source

   1          #include <reg52.h>
   2          #define speed 200
   3          
   4          sbit PHA=P0^0;
   5          sbit PHB=P0^1;
   6          
   7          sbit A1=P0^2;
   8          sbit A2=P0^3;
   9          sbit B1=P0^4;
  10          sbit B2=P0^5;
  11          //http://www.elecfans.com/d/586969.html
  12          
  13          //PHA=0 A-  PHA=1 A+
  14          //PHB=0 B-  PHB=1 B+
  15          //A1=A2=0 max
  16          //A1=A2=1 min
  17          //B1=B2=0 max
  18          //B1=B2=1 min
  19          
  20          
  21          void delay(unsigned int time);
  22          void ax(bit dir,bit on);
  23          void bx(bit dir,bit on);
  24          
  25          void main(void){
  26   1              ax(0,0);delay(speed);//b
  27   1              bx(1,0);delay(speed);//x
  28   1              ax(1,0);delay(speed);//n
  29   1              bx(0,0);delay(speed);//d
  30   1              
  31   1      }
  32          
  33          void ax(bit dir,bit on){
  34   1              PHA=dir;
  35   1              A1=1;
  36   1              A2=0;
  37   1      }
*** WARNING C280 IN LINE 33 OF main.c: 'on': unreferenced local variable
  38          
  39          void bx(bit dir,bit on){
  40   1              PHB=dir;
  41   1              B1=on;
  42   1              B2=on;
  43   1      }
  44          
  45          //10us
  46          void delay(unsigned long time){
*** WARNING C235 IN LINE 46 OF main.c: parameter 1: different types
  47   1              while(time--);
  48   1      }


MODULE INFORMATION:   STATIC OVERLAYABLE
   CODE SIZE        =     92    ----
C51 COMPILER V9.60.0.0   MAIN                                                              06/09/2019 22:37:25 PAGE 2   

   CONSTANT SIZE    =   ----    ----
   XDATA SIZE       =   ----    ----
   PDATA SIZE       =   ----    ----
   DATA SIZE        =   ----       4
   IDATA SIZE       =   ----    ----
   BIT SIZE         =   ----       4
END OF MODULE INFORMATION.


C51 COMPILATION COMPLETE.  2 WARNING(S),  0 ERROR(S)
