C51 COMPILER V9.60.0.0   I2C                                                               06/11/2019 12:23:02 PAGE 1   


C51 COMPILER V9.60.0.0, COMPILATION OF MODULE I2C
OBJECT MODULE PLACED IN .\Objects\I2C.obj
COMPILER INVOKED BY: C:\Dev\program\51keil9\C51\BIN\C51.EXE I2C.c OPTIMIZE(8,SPEED) BROWSE DEBUG OBJECTEXTEND PRINT(.\Li
                    -stings\I2C.lst) OBJECT(.\Objects\I2C.obj)

line level    source

   1          #include <reg52.h>
   2          #include <intrins.h>
   3          #define I2CDelay() {_nop_();_nop_();_nop_();_nop_();}
   4          
   5          sbit SCL=P2^1;
   6          sbit SDA=P2^0;
   7          
   8          void I2CStart();
   9          void I2CStop();
  10          unsigned char I2CReadNAK();
  11          unsigned char I2CReadACK();
  12          bit I2CWrite(unsigned char dat);
  13          
  14          void I2CStart(){
  15   1              SDA=1;
  16   1              SCL=1;
  17   1              I2CDelay();
  18   1              SDA=0;
  19   1              I2CDelay();
  20   1              SCL=0;
  21   1      }
  22          
  23          void I2CStop(){
  24   1              SCL=0;
  25   1              SDA=0;
  26   1              I2CDelay();
  27   1              SCL=1;
  28   1              I2CDelay();
  29   1              SDA=1;
  30   1              I2CDelay();
  31   1      }
  32          
  33          bit I2CWrite(unsigned char dat){
  34   1              bit ack;
  35   1              unsigned char mask;
  36   1              
  37   1              for(mask==0x80;mask!=0;mask>>=1){
  38   2                      if((mask&dat)==0){
  39   3                              SDA=0;
  40   3                      }else{
  41   3                              SDA=1;
  42   3                      }
  43   2                      I2CDelay();
  44   2                      SCL=1;
  45   2                      I2CDelay();
  46   2                      SCL=0;
  47   2              }
  48   1              SDA=1;
  49   1              I2CDelay();
  50   1              SCL=1;
  51   1              ack=SDA;
  52   1              I2CDelay();
  53   1              SCL=0;
  54   1              return (~ack);  
C51 COMPILER V9.60.0.0   I2C                                                               06/11/2019 12:23:02 PAGE 2   

  55   1      }
  56          
  57          unsigned char I2CReadNAK(){
  58   1              unsigned char mask;
  59   1              unsigned char dat;
  60   1              SDA=1;
  61   1              for(mask=0x80;mask!=0;mask>>=1){
  62   2                      I2CDelay();
  63   2                      SCL=1;
  64   2                      if(SDA==0){
  65   3                              dat&=~mask;
  66   3                      }else{
  67   3                              dat|=mask;
  68   3                      }
  69   2                      I2CDelay();
  70   2                      SCL=0;
  71   2              }
  72   1              SDA=1;
  73   1              I2CDelay();
  74   1              SCL=1;
  75   1              I2CDelay();
  76   1              SCL=0;
  77   1              return dat;
  78   1      }
  79          
  80          unsigned char I2CReadACK(){
  81   1              unsigned char mask;
  82   1              unsigned char dat;
  83   1              SDA=1;
  84   1              for(mask=0x80;mask!=0;mask>>=1){
  85   2                      I2CDelay();
  86   2                      SCL=1;
  87   2                      if(SDA==0){
  88   3                              dat&=~mask;
  89   3                      }else{
  90   3                              dat|=mask;
  91   3                      }
  92   2                      I2CDelay();
  93   2                      SCL=0;
  94   2              }
  95   1              SDA=0;
  96   1              I2CDelay();
  97   1              SCL=1;
  98   1              I2CDelay();
  99   1              SCL=0;
 100   1              return dat;
 101   1      }


MODULE INFORMATION:   STATIC OVERLAYABLE
   CODE SIZE        =    195    ----
   CONSTANT SIZE    =   ----    ----
   XDATA SIZE       =   ----    ----
   PDATA SIZE       =   ----    ----
   DATA SIZE        =   ----       1
   IDATA SIZE       =   ----    ----
   BIT SIZE         =   ----       1
END OF MODULE INFORMATION.


C51 COMPILATION COMPLETE.  0 WARNING(S),  0 ERROR(S)
