C51 COMPILER V9.60.0.0   1602                                                              06/08/2019 10:29:07 PAGE 1   


C51 COMPILER V9.60.0.0, COMPILATION OF MODULE 1602
OBJECT MODULE PLACED IN .\Objects\1602.obj
COMPILER INVOKED BY: C:\Dev\program\51keil9\C51\BIN\C51.EXE 1602.c OPTIMIZE(8,SPEED) BROWSE DEBUG OBJECTEXTEND PRINT(.\L
                    -istings\1602.lst) OBJECT(.\Objects\1602.obj)

line level    source

   1          #include <reg52.h>
   2          #define LCD_DB P0
   3          
   4          sbit LCD_RS=P2^6;
   5          sbit LCD_RW=P2^5;
   6          sbit LCD_E=P2^7;
   7          
   8          
   9          void LcdInit();
  10          void LcdWaitReady();
  11          void LcdWriteCmd(unsigned char cmd);
  12          void LcdWriteDat(unsigned char dat);
  13          void LcdSetCursor(unsigned char x,unsigned char y);
  14          void LcdShowStr(unsigned char x,unsigned char y,unsigned char *str);
  15          void LcdAreaClear(unsigned char x,unsigned char y,unsigned char len);
  16          void LcdFullClear();
  17          
  18          
  19          
  20          void LcdInit(){
  21   1              LcdWriteCmd(0x38);
  22   1              LcdWriteCmd(0x0c);
  23   1              LcdWriteCmd(0x06);
  24   1              LcdWriteCmd(0x01);
  25   1      }
  26          
  27          void LcdWaitReady(){
  28   1              unsigned char sta;
  29   1              LCD_DB=0xff;
  30   1              LCD_RS=0;
  31   1              LCD_RW=1;
  32   1              do{
  33   2                      LCD_E=1;
  34   2                      sta=LCD_DB;
  35   2                      LCD_E=0;
  36   2              }while(sta&0x80);
  37   1      }
  38          
  39          void LcdWriteCmd(unsigned char cmd){
  40   1              LcdWaitReady();
  41   1              LCD_RS=0;
  42   1              LCD_RW=0;
  43   1              LCD_DB=cmd;
  44   1              LCD_E=1;
  45   1              LCD_E=0;
  46   1      }
  47          
  48          void LcdWriteDat(unsigned char dat){
  49   1              LcdWaitReady();
  50   1              LCD_RS=1;
  51   1              LCD_RW=0;
  52   1              LCD_DB=dat;
  53   1              LCD_E=1;
  54   1              LCD_E=0;
C51 COMPILER V9.60.0.0   1602                                                              06/08/2019 10:29:07 PAGE 2   

  55   1      }
  56          
  57          void LcdSetCursor(unsigned char x,unsigned char y){
  58   1              unsigned char addr;
  59   1              if(y==0){
  60   2                      addr=0x00+x;
  61   2              }else{
  62   2                      addr=0x40+x;
  63   2              }
  64   1              LcdWriteCmd(addr|0x80);
  65   1      }
  66          
  67          void LcdShowStr(unsigned char x,unsigned char y,unsigned char *str){
  68   1              LcdSetCursor(x,y);
  69   1              while(*str!='\0'){
  70   2                      LcdWriteDat(*str);
  71   2                      str++;
  72   2              }
  73   1      }
  74          
  75          void LcdAreaClear(unsigned char x,unsigned char y,unsigned char len){
  76   1              LcdSetCursor(x,y);
  77   1              while(len--){
  78   2                      LcdWriteDat(' ');
  79   2              }
  80   1      }
  81          void LcdFullClear(){
  82   1              LcdWriteCmd(0x01);
  83   1      }


MODULE INFORMATION:   STATIC OVERLAYABLE
   CODE SIZE        =    132    ----
   CONSTANT SIZE    =   ----    ----
   XDATA SIZE       =   ----    ----
   PDATA SIZE       =   ----    ----
   DATA SIZE        =   ----    ----
   IDATA SIZE       =   ----    ----
   BIT SIZE         =   ----    ----
END OF MODULE INFORMATION.


C51 COMPILATION COMPLETE.  0 WARNING(S),  0 ERROR(S)
