C51 COMPILER V9.60.0.0   MAIN                                                              06/09/2019 18:14:09 PAGE 1   


C51 COMPILER V9.60.0.0, COMPILATION OF MODULE MAIN
OBJECT MODULE PLACED IN .\Objects\main.obj
COMPILER INVOKED BY: C:\Dev\program\51keil9\C51\BIN\C51.EXE main.c OPTIMIZE(8,SPEED) BROWSE DEBUG OBJECTEXTEND PRINT(.\L
                    -istings\main.lst) OBJECT(.\Objects\main.obj)

line level    source

   1          #include <reg52.h>
   2          #define speed 1000000
   3          
   4          sbit PHA=P1^0;
   5          sbit PHB=P1^1;
   6          
   7          sbit A1=P1^2;
   8          sbit A2=P1^3;
   9          sbit B1=P1^4;
  10          sbit B2=P1^5;
  11          //http://www.elecfans.com/d/586969.html
  12          
  13          //PHA=0 A-  PHA=1 A+
  14          //PHB=0 B-  PHB=1 B+
  15          //A1=A2=0 max
  16          //A1=A2=1 min
  17          //B1=B2=0 max
  18          //B1=B2=1 min
  19          
  20          void delay(unsigned int time);
  21          void ax(bit dir,bit on);
  22          void bx(bit dir,bit on);
  23          
  24          void main(void){
  25   1              ax(0,0);bx(1,1);delay(speed);//b
  26   1              ax(0,0);bx(1,0);delay(speed);//xb
  27   1              ax(1,1);bx(1,0);delay(speed);//x
  28   1              ax(1,0);bx(1,0);delay(speed);//xn
  29   1              ax(1,0);bx(0,1);delay(speed);//n
  30   1              ax(1,0);bx(0,0);delay(speed);//dn
  31   1              ax(0,1);bx(0,0);delay(speed);//d
  32   1              ax(0,0);bx(0,0);delay(speed);//db
  33   1      }
  34          
  35          void ax(bit dir,bit on){
  36   1              PHA=dir;
  37   1              A1=on;
  38   1              A2=on;
  39   1      }
  40          
  41          void bx(bit dir,bit on){
  42   1              PHB=dir;
  43   1              B1=on;
  44   1              B2=on;
  45   1      }
  46          
  47          
  48          //10us
  49          void delay(unsigned long time){
*** WARNING C235 IN LINE 49 OF main.c: parameter 1: different types
  50   1              while(time--);
  51   1      }


C51 COMPILER V9.60.0.0   MAIN                                                              06/09/2019 18:14:09 PAGE 2   

MODULE INFORMATION:   STATIC OVERLAYABLE
   CODE SIZE        =    176    ----
   CONSTANT SIZE    =   ----    ----
   XDATA SIZE       =   ----    ----
   PDATA SIZE       =   ----    ----
   DATA SIZE        =   ----       4
   IDATA SIZE       =   ----    ----
   BIT SIZE         =   ----       4
END OF MODULE INFORMATION.


C51 COMPILATION COMPLETE.  1 WARNING(S),  0 ERROR(S)
