C51 COMPILER V9.60.0.0   1602                                                              06/11/2019 10:37:28 PAGE 1   


C51 COMPILER V9.60.0.0, COMPILATION OF MODULE 1602
OBJECT MODULE PLACED IN .\Objects\1602.obj
COMPILER INVOKED BY: C:\Dev\program\51keil9\C51\BIN\C51.EXE 1602.c OPTIMIZE(8,SPEED) BROWSE DEBUG OBJECTEXTEND PRINT(.\L
                    -istings\1602.lst) OBJECT(.\Objects\1602.obj)

line level    source

   1          #include <reg52.h>
   2          #define LCD_DB P0
   3          
   4          sbit LCD_RS=P2^6;
   5          sbit LCD_RW=P2^5;
   6          sbit LCD_E=P2^7;
   7          
   8          void LcdInit();
   9          void LcdWaitReady();
  10          void LcdWriteCmd(unsigned char cmd);
  11          void LcdWriteDat(unsigned char dat);
  12          void LcdSetCursor(unsigned char x,unsigned char y);
  13          void LcdShowStr(unsigned char x,unsigned char y,unsigned char *str);
  14          void LcdAreaClear(unsigned char x,unsigned char y,unsigned char len);
  15          
  16          void LcdInit(){
  17   1              LcdWriteCmd(0x38);
  18   1              LcdWriteCmd(0x0c);
  19   1              LcdWriteCmd(0x06);
  20   1              LcdWriteCmd(0x01);
  21   1      }
  22          
  23          void LcdWaitReady(){
  24   1              unsigned char sta;
  25   1              LCD_DB=0xff;
  26   1              LCD_RS=0;
  27   1              LCD_RW=1;
  28   1              do{
  29   2                      LCD_E=1;
  30   2                      sta=LCD_DB;
  31   2                      LCD_E=0;
  32   2              }while(sta&0x80);
  33   1      }
  34          
  35          void LcdWriteCmd(unsigned char cmd){
  36   1              LcdWaitReady();
  37   1              LCD_RS=0;
  38   1              LCD_RW=0;
  39   1              LCD_DB=cmd;
  40   1              LCD_E=1;
  41   1              LCD_E=0;
  42   1      }
  43          
  44          void LcdWriteDat(unsigned char dat){
  45   1              LcdWaitReady();
  46   1              LCD_RS=1;
  47   1              LCD_RW=0;
  48   1              LCD_DB=dat;
  49   1              LCD_E=1;
  50   1              LCD_E=0;
  51   1      }
  52          
  53          void LcdSetCursor(unsigned char x,unsigned char y){
  54   1              unsigned char addr;
C51 COMPILER V9.60.0.0   1602                                                              06/11/2019 10:37:28 PAGE 2   

  55   1              if(y==0){
  56   2                      addr=0x00+x;
  57   2              }else{
  58   2                      addr=0x40+x;
  59   2              }
  60   1              LcdWriteCmd(addr|0x80);
  61   1      }
  62          
  63          void LcdShowStr(unsigned char x,unsigned char y,unsigned char *str){
  64   1              LcdSetCursor(x,y);
  65   1              while(*str!='\0'){
  66   2                      LcdWriteDat(*str);
  67   2                      str++;
  68   2              }
  69   1      }
  70          
  71          void LcdAreaClear(unsigned char x,unsigned char y,unsigned char len){
  72   1              LcdSetCursor(x,y);
  73   1              while(len--){
  74   2                      LcdWriteDat(' ');
  75   2              }
  76   1      }


MODULE INFORMATION:   STATIC OVERLAYABLE
   CODE SIZE        =    127    ----
   CONSTANT SIZE    =   ----    ----
   XDATA SIZE       =   ----    ----
   PDATA SIZE       =   ----    ----
   DATA SIZE        =   ----    ----
   IDATA SIZE       =   ----    ----
   BIT SIZE         =   ----    ----
END OF MODULE INFORMATION.


C51 COMPILATION COMPLETE.  0 WARNING(S),  0 ERROR(S)
