C51 COMPILER V9.60.0.0   MAIN                                                              06/11/2019 10:42:16 PAGE 1   


C51 COMPILER V9.60.0.0, COMPILATION OF MODULE MAIN
OBJECT MODULE PLACED IN .\Objects\main.obj
COMPILER INVOKED BY: C:\Dev\program\51keil9\C51\BIN\C51.EXE main.c OPTIMIZE(8,SPEED) BROWSE DEBUG OBJECTEXTEND PRINT(.\L
                    -istings\main.lst) OBJECT(.\Objects\main.obj)

line level    source

   1          #include <reg52.h>
   2          #include <intrins.h>
   3          #define I2CDelay() {_nop_();_nop_();_nop_();_nop_();}
   4          
   5          sbit SCL=P2^1;
   6          sbit SDA=P2^0;
   7          void I2CStart();
   8          void I2CStop();
   9          bit I2CWrite(unsigned char dat);
  10          bit I2CAddressing(unsigned char addr);
  11          
  12          extern void LcdInit();
  13          extern void LcdShowStr(unsigned char x,unsigned char y,unsigned char *str);
  14          
  15          void main(void){
  16   1              bit ack;
  17   1              unsigned char str[10];
  18   1              LcdInit();
  19   1              ack=I2CAddressing(0x50);
  20   1              str[0]='5';
  21   1              str[1]='0';
  22   1              str[2]=':';
  23   1              str[3]=(unsigned char)ack+'0';
  24   1              str[4]='\0';
  25   1              LcdShowStr(0,0,str);
  26   1              ack=I2CAddressing(0x62);
  27   1              str[0]='6';
  28   1              str[1]='2';
  29   1              str[2]=':';
  30   1              str[3]=(unsigned char)ack+'0';
  31   1              str[4]='\0';
  32   1              LcdShowStr(8,0,str);
  33   1              while(1);
  34   1      }
  35          
  36          void I2CStart(){
  37   1              SDA=1;
  38   1              SCL=1;
  39   1              I2CDelay();
  40   1              SDA=0;
  41   1              I2CDelay();
  42   1              SCL=0;  
  43   1      }
  44          
  45          void I2CStop(){
  46   1              SCL=0;
  47   1              SDA=0;
  48   1              I2CDelay();
  49   1              SCL=1;
  50   1              I2CDelay();
  51   1              SDA=1;
  52   1              I2CDelay();
  53   1      }
  54          
C51 COMPILER V9.60.0.0   MAIN                                                              06/11/2019 10:42:16 PAGE 2   

  55          bit I2CWrite(unsigned char dat){
  56   1              bit ack;
  57   1              unsigned char mask;
  58   1              for(mask=0x80;mask!=0;mask>>=1){
  59   2                      if((mask&dat)==0){
  60   3                              SDA=0;
  61   3                      }else{
  62   3                              SDA=1;
  63   3                      }
  64   2                      I2CDelay();             
  65   2                      SCL=1;
  66   2                      I2CDelay();
  67   2                      SCL=0;
  68   2              }
  69   1              SDA=1;
  70   1              I2CDelay();
  71   1              SCL=1;
  72   1              ack=SDA;
  73   1              I2CDelay();
  74   1              SCL=0;
  75   1              return ack;     
  76   1      }
  77          
  78          bit I2CAddressing(unsigned char addr){
  79   1              bit ack;
  80   1              I2CStart();
  81   1              ack=I2CWrite(addr<<1);
  82   1              I2CStop();
  83   1              return ack;
  84   1      }


MODULE INFORMATION:   STATIC OVERLAYABLE
   CODE SIZE        =    189    ----
   CONSTANT SIZE    =   ----    ----
   XDATA SIZE       =   ----    ----
   PDATA SIZE       =   ----    ----
   DATA SIZE        =   ----      10
   IDATA SIZE       =   ----    ----
   BIT SIZE         =   ----       3
END OF MODULE INFORMATION.


C51 COMPILATION COMPLETE.  0 WARNING(S),  0 ERROR(S)
