C51 COMPILER V9.02   KEY                                                                   05/30/2019 04:24:36 PAGE 1   


C51 COMPILER V9.02, COMPILATION OF MODULE KEY
OBJECT MODULE PLACED IN Key.OBJ
COMPILER INVOKED BY: C:\Dev\program\51\C51\BIN\C51.EXE Key.c BROWSE DEBUG OBJECTEXTEND

line level    source

   1          #include <reg52.h>
   2          unsigned char code LedCharYin[] = {
   3                  0x3f, 0x06, 0x5b, 0x4f,
   4                  0x66, 0x6d, 0x7d, 0x07,
   5                  0x7f, 0x6f, 0x77, 0x7c,
   6                  0x39, 0x5e, 0x79, 0x71
   7          };
   8          
   9           unsigned char code LedCharYang[] = {                                                                                             
  10                  0xC0, 0xF9, 0xA4, 0xB0, 
  11                  0x99, 0x92, 0x82, 0xF8,
  12                  0x80, 0x90, 0x88, 0x83, 
  13                  0xC6, 0xA1, 0x86, 0x8E  
  14          };
  15          //in
  16          sbit Col0 = P2^4;
  17          sbit Col1 = P2^5;
  18          sbit Col2 = P2^6;
  19          sbit Col3 = P2^7;
  20          //out
  21          sbit Row0 = P2^0;
  22          sbit Row1 = P2^1;
  23          sbit Row2 = P2^2;
  24          sbit Row3 = P2^3;
  25          
  26          
  27          
  28          unsigned char KeySta[4][4] = {
  29           {1,1,1,1},
  30           {1,1,1,1},
  31           {1,1,1,1},
  32           {1,1,1,1}
  33          };
  34          /*
  35          void main(void){
  36                  P0 = 0x00;
  37          
  38                  Row0 = 0;
  39                  Row1 = 0;
  40                  Row2 = 0;
  41                  Row3 = 0;
  42                                   Col0 = 1;Col1 = 1;Col2 = 1;Col3 = 1; 
  43          
  44          
  45          
  46          
  47                  while(1){
  48                          if(Col0==0){P0 = LedCharYang[0];}
  49                          else if(Col1==0){P0=LedCharYang[1];}
  50                          else if(Col2==0){P0=LedCharYang[2];}
  51                          else if(Col3==0){P0=LedCharYang[3];}                                    
  52          
  53                  }
  54          }       */
  55          
C51 COMPILER V9.02   KEY                                                                   05/30/2019 04:24:36 PAGE 2   

  56          
  57          void main(void){
  58   1              unsigned char i,j;
  59   1              unsigned char backup[4][4] = {
  60   1                      {1,1,1,1},
  61   1                      {1,1,1,1},
  62   1                      {1,1,1,1},
  63   1                      {1,1,1,1}
  64   1              };
  65   1      
  66   1              EA              = 1;
  67   1              TMOD    = 0x01;
  68   1              TH0     = 0xfc;
  69   1              TL0     = 0x67;
  70   1              ET0     = 1;
  71   1              TR0     = 1;
  72   1      
  73   1              while(1){
  74   2                      for(i = 0;i<4;++i){
  75   3                              for(j = 0;j<4;++j){
  76   4                                      if(backup[i][j]!=KeySta[i][j]){
  77   5                                              if(backup!=0){
  78   6                                                      P0=LedCharYang[i*4+j];
  79   6                                              }
  80   5                                              backup[i][j] = KeySta[i][j];
  81   5                                      }
  82   4                              }
  83   3                      }                                                                               
  84   2              }                                                                                       
  85   1      }
  86          
  87          void InterruptTimer() interrupt 1{
  88   1              unsigned char i;
  89   1              static unsigned char keyout=0;
  90   1              static unsigned char keybuf[4][4] = {
  91   1                      {0xff,0xff,0xff,0xff},
  92   1                      {0xff,0xff,0xff,0xff},
  93   1                      {0xff,0xff,0xff,0xff},
  94   1                      {0xff,0xff,0xff,0xff}
  95   1              };
  96   1      
  97   1              TH0=0xfc;
  98   1              TL0=0x67;
  99   1      
 100   1              keybuf[keyout][0] = (keybuf[keyout][0]<<1)|Col0;
 101   1              keybuf[keyout][1] = (keybuf[keyout][1]<<1)|Col1;
 102   1              keybuf[keyout][2] = (keybuf[keyout][2]<<1)|Col2;
 103   1              keybuf[keyout][3] = (keybuf[keyout][3]<<1)|Col3;
 104   1      
 105   1              for(i = 0;i<4;++i){
 106   2                      if((keybuf[keyout][i]&0x0f)==0x00){
 107   3                              KeySta[keyout][i] = 0;
 108   3                      }else if((keybuf[keyout][i]&0x0f)==0x0f){
 109   3                              KeySta[keyout][i] = 1;
 110   3                      }else{
 111   3                              ;
 112   3                      }
 113   2              }
 114   1              
 115   1      
 116   1      
 117   1              switch(keyout){
C51 COMPILER V9.02   KEY                                                                   05/30/2019 04:24:36 PAGE 3   

 118   2                      case 0: Row0=1;Row1=0;break;
 119   2                      case 1: Row1=1;Row2=0;break; 
 120   2                      case 2: Row2=1;Row3=0;break;
 121   2                      case 3: Row3=1;Row0=0;break;
 122   2                      default: break;
 123   2              }
 124   1      
 125   1              keyout++;                                       
 126   1              //0000 0000
 127   1              //0000 0001
 128   1              //0000 0010
 129   1              //0000 0011
 130   1              //0000 0100
 131   1              keyout = keyout&0x03;//0000 0011
 132   1      
 133   1              
 134   1      }
 135            
 136          


MODULE INFORMATION:   STATIC OVERLAYABLE
   CODE SIZE        =    372    ----
   CONSTANT SIZE    =     48    ----
   XDATA SIZE       =   ----    ----
   PDATA SIZE       =   ----    ----
   DATA SIZE        =     33      16
   IDATA SIZE       =   ----    ----
   BIT SIZE         =   ----    ----
END OF MODULE INFORMATION.


C51 COMPILATION COMPLETE.  0 WARNING(S),  0 ERROR(S)
