C51 COMPILER V9.60.0.0   DS1302                                                            06/06/2019 13:17:32 PAGE 1   


C51 COMPILER V9.60.0.0, COMPILATION OF MODULE DS1302
OBJECT MODULE PLACED IN DS1302.OBJ
COMPILER INVOKED BY: C:\Dev\program\51keil9\C51\BIN\C51.EXE DS1302.c OPTIMIZE(8,SPEED) BROWSE DEBUG OBJECTEXTEND

line level    source

   1          #include <reg52.h>
   2          
   3          sbit CE=P3^5;
   4          sbit CLK=P3^6;
   5          sbit IO=P1^3;
   6          
   7          
   8          typedef struct sTime{
   9                  unsigned int year;
  10                  unsigned char mon;
  11                  unsigned char day;
  12                  unsigned char hour;
  13                  unsigned char min;
  14                  unsigned char sec;
  15                  unsigned char week;
  16          }Time;
  17          
  18          
  19          
  20          void DS1302ByteWrite(unsigned char dat){
  21   1              unsigned char mask;
  22   1              for(mask=0x01;mask!=0;mask<<=1){
  23   2                      if((mask&dat)!=0){
  24   3                              IO=1;
  25   3                      }else{
  26   3                              IO=0;
  27   3                      }
  28   2                      CLK=1;
  29   2                      CLK=0;
  30   2              }
  31   1              IO=1;
  32   1      }
  33          
  34          unsigned char DS1302ByteRead(){
  35   1              unsigned char mask;
  36   1              unsigned char dat=0;
  37   1              for(mask=0x01;mask!=0;mask<<=1){
  38   2                 if(IO!=0){
  39   3                              dat|=mask;
  40   3                 }
  41   2                 CLK=1;
  42   2                 CLK=0;
  43   2              }
  44   1              return dat;
  45   1      }
  46          
  47          void DS1302SingleWrite(unsigned char reg,unsigned char dat){
  48   1              CE=1;
  49   1              DS1302ByteWrite((reg<<1)|0x80);
  50   1              DS1302ByteWrite(dat);
  51   1              CE=0;
  52   1      }
  53          
  54          unsigned char DS1302SingleRead(unsigned char reg){
  55   1              unsigned char dat;
C51 COMPILER V9.60.0.0   DS1302                                                            06/06/2019 13:17:32 PAGE 2   

  56   1              CE=1;
  57   1              DS1302ByteWrite((reg<<1)|0x81);
  58   1              dat=DS1302ByteRead();
  59   1              CE=0;
  60   1              return dat;
  61   1      }
  62          
  63          void DS1302BurstWrite(unsigned char *dat){
  64   1              unsigned char i;
  65   1              CE=1;
  66   1              DS1302ByteWrite(0xBE);
  67   1              for(i=0;i<8;++i){
  68   2                      DS1302ByteWrite(dat[i]);
  69   2              }
  70   1              CE=0;
  71   1      }
  72          
  73          void DS1302BurstRead(unsigned char *dat){
  74   1              unsigned char i;
  75   1              CE=1;
  76   1              DS1302ByteWrite(0xBF);
  77   1              for(i=0;i<8;++i){
  78   2                      dat[i]=DS1302ByteRead();
  79   2              }                                                       
  80   1              CE=0;
  81   1      }
  82          void GetRealTime(Time *time){
  83   1              unsigned char buf[8];
  84   1              DS1302BurstRead(buf);
  85   1              time->year=buf[6]+0x2000;
  86   1              time->mon=buf[4];
  87   1              time->day=buf[3];
  88   1              time->hour=buf[2];
  89   1              time->min=buf[1];
  90   1              time->sec=buf[0];
  91   1              time->week=buf[5];
  92   1      }
  93          
  94          void SetRealTime(Time *time){
  95   1              unsigned char buf[8];
  96   1              buf[7]=0;
  97   1              buf[6]=time->year;
  98   1              buf[5]=time->week;
  99   1              buf[4]=time->mon;
 100   1              buf[3]=time->day;
 101   1              buf[2]=time->hour;
 102   1              buf[1]=time->min;
 103   1              buf[0]=time->sec;
 104   1              DS1302BurstWrite(buf);
 105   1      }
 106          void InitDS1302(){
 107   1              unsigned char dat;
 108   1              Time code InitTime = {0x2019,0x06,0x05,0x22,0x11,0x00,0x03};
 109   1              CE=0;
 110   1              CLK=0;
 111   1              dat=DS1302SingleRead(0);
 112   1              if((dat&0x80)!=0){
 113   2                      DS1302SingleWrite(7,0x00);
 114   2                      SetRealTime(&InitTime);
 115   2              }
 116   1      }
 117          
C51 COMPILER V9.60.0.0   DS1302                                                            06/06/2019 13:17:32 PAGE 3   

 118          
 119          


MODULE INFORMATION:   STATIC OVERLAYABLE
   CODE SIZE        =    367    ----
   CONSTANT SIZE    =      8    ----
   XDATA SIZE       =   ----    ----
   PDATA SIZE       =   ----    ----
   DATA SIZE        =   ----      25
   IDATA SIZE       =   ----    ----
   BIT SIZE         =   ----    ----
END OF MODULE INFORMATION.


C51 COMPILATION COMPLETE.  0 WARNING(S),  0 ERROR(S)
