C51 COMPILER V9.60.0.0   QUEUE                                                             06/07/2019 11:20:14 PAGE 1   


C51 COMPILER V9.60.0.0, COMPILATION OF MODULE QUEUE
OBJECT MODULE PLACED IN queue.OBJ
COMPILER INVOKED BY: C:\Dev\program\51keil9\C51\BIN\C51.EXE queue.c OPTIMIZE(8,SPEED) BROWSE DEBUG OBJECTEXTEND

line level    source

   1          #include <reg52.h>
   2          
   3          #define QUEUELEN 10
   4          
   5          typedef struct Queue{
   6                  unsigned char dat[QUEUELEN];
   7                  unsigned char front;
   8                  unsigned char rear;
   9          }MsgQueue;
  10          
  11          MsgQueue msg;
  12          
  13          bit IsEmptyQueue();
  14          bit IsFullQueue();
  15          void InitQueue();
  16          unsigned char DeleteQueue();
  17          void EnterQueue(unsigned char byte);
  18          
  19          
  20          void InitQueue(){
  21   1              msg.front=0;
  22   1              msg.rear=0;
  23   1      }
  24          
  25          bit IsEmptyQueue(){
  26   1              return msg.front==msg.rear;
  27   1      }
  28          
  29          bit IsFullQueue(){
  30   1              return (msg.rear+1)%QUEUELEN==msg.front;
  31   1      }
  32          
  33          void EnterQueue(unsigned char byte){
  34   1              if(IsFullQueue()){
  35   2                      ;
  36   2              }
  37   1              else{
  38   2                      if(msg.rear==QUEUELEN){
  39   3                              msg.rear=0;
  40   3                      }               
  41   2                      msg.dat[msg.rear++]=byte;
  42   2              }
  43   1      }
  44          
  45          unsigned char DeleteQueue(){
  46   1              unsigned char temp=0;
  47   1              if(IsEmptyQueue()){
  48   2                      return 0xFF;
  49   2              }
  50   1              if(msg.front==QUEUELEN)
  51   1              {
  52   2                      msg.front=0;
  53   2              }
  54   1              temp=msg.dat[msg.front];
  55   1              msg.dat[msg.front++]=0x00;
C51 COMPILER V9.60.0.0   QUEUE                                                             06/07/2019 11:20:14 PAGE 2   

  56   1              return temp;
  57   1      }
  58          
  59          
  60          
  61          


MODULE INFORMATION:   STATIC OVERLAYABLE
   CODE SIZE        =    100    ----
   CONSTANT SIZE    =   ----    ----
   XDATA SIZE       =   ----    ----
   PDATA SIZE       =   ----    ----
   DATA SIZE        =     12    ----
   IDATA SIZE       =   ----    ----
   BIT SIZE         =   ----    ----
END OF MODULE INFORMATION.


C51 COMPILATION COMPLETE.  0 WARNING(S),  0 ERROR(S)
