C51 COMPILER V9.60.0.0   UART                                                              06/05/2019 14:59:33 PAGE 1   


C51 COMPILER V9.60.0.0, COMPILATION OF MODULE UART
OBJECT MODULE PLACED IN uart.OBJ
COMPILER INVOKED BY: C:\Dev\program\51keil9\C51\BIN\C51.EXE uart.c OPTIMIZE(8,SPEED) BROWSE DEBUG OBJECTEXTEND

line level    source

   1          #include <reg52.h>
   2          
   3          unsigned char T1RH=0;
   4          unsigned char T1RL=0;
   5          
   6          
   7          extern unsigned char uartRecvByte;
   8          extern unsigned char recvflag; 
   9          extern unsigned long code freq;
  10          extern void LedLoad(unsigned char index,unsigned char dat);
  11          
  12          void send_byte(unsigned char byte);
  13          void uart_send_string(unsigned char *str);
  14          void uart_send_hex_string(unsigned char *str,unsigned int len);
  15          
  16          
  17          
  18          void ConfigUART(unsigned int baud){
  19   1              SCON=0x50;
  20   1              TMOD&=0x0f;
  21   1              TMOD|=0x20;
  22   1              PCON|=0x80;
  23   1              TH1=256-(freq/12/16)/baud;
  24   1              TL1=TH1;
  25   1              ET1=0;
  26   1              ES=1;
  27   1              TR1=1;
  28   1      }
  29          
  30          void InterrptUART() interrupt 4{
  31   1              if(RI){         
  32   2                      RI=0;
  33   2                      uartRecvByte=SBUF;
  34   2                      recvflag=1;
  35   2                      LedLoad(0,uartRecvByte);                
  36   2              }       
  37   1              if(TI);
  38   1      }
  39          
  40          void uart_send_hex_string(unsigned char *p,unsigned int len){
  41   1              for(len;len>0;len--){
  42   2                      send_byte(*p);
  43   2                      p++;
  44   2              }
  45   1      }
  46          
  47          void uart_send_string(unsigned char *p){
  48   1              while(*p!='\0'){
  49   2                      send_byte(*p);
  50   2                      p++;
  51   2              }
  52   1      }
  53          void send_byte(unsigned char byte){
  54   1              SBUF=byte;
  55   1              while(!TI);
C51 COMPILER V9.60.0.0   UART                                                              06/05/2019 14:59:33 PAGE 2   

  56   1              TI=0;
  57   1      }


MODULE INFORMATION:   STATIC OVERLAYABLE
   CODE SIZE        =    250    ----
   CONSTANT SIZE    =   ----    ----
   XDATA SIZE       =   ----    ----
   PDATA SIZE       =   ----    ----
   DATA SIZE        =      2      10
   IDATA SIZE       =   ----    ----
   BIT SIZE         =   ----    ----
END OF MODULE INFORMATION.


C51 COMPILATION COMPLETE.  0 WARNING(S),  0 ERROR(S)
