C51 COMPILER V9.60.0.0   MAIN                                                              06/13/2019 18:01:39 PAGE 1   


C51 COMPILER V9.60.0.0, COMPILATION OF MODULE MAIN
OBJECT MODULE PLACED IN .\Objects\main.obj
COMPILER INVOKED BY: C:\Dev\program\51keil9\C51\BIN\C51.EXE main.c OPTIMIZE(8,SPEED) BROWSE DEBUG OBJECTEXTEND PRINT(.\L
                    -istings\main.lst) OBJECT(.\Objects\main.obj)

line level    source

   1          #include <reg52.h>
   2          
   3          unsigned char T0RH=0;
   4          unsigned char T0RL=0;
   5          
   6          
   7          extern void KeyScan();
   8          extern void KeyGet();
   9          extern void I2CStart();
  10          extern void I2CStop();
  11          extern bit I2CWrite(unsigned char dat);
  12          
  13          void ConfigTimer0(unsigned int ms);
  14          void SetDACOut(unsigned char val);
  15          void KeyAction(unsigned char keycode);
  16          
  17          void main(void){
  18   1              EA=1;
  19   1              ConfigTimer0(1);
  20   1              while(1){
  21   2                      KeyGet();
  22   2              }
  23   1      }
  24          
  25          void SetDACOut(unsigned char val){
  26   1              I2CStart();
  27   1              if(!I2CWrite(0x48<<1)){
  28   2                      I2CStop();
  29   2                      return;
  30   2              }
  31   1              I2CWrite(0x40);
  32   1              I2CWrite(val);
  33   1              I2CStop();
  34   1      }
  35          
  36          void KeyAction(unsigned char keycode){
  37   1              static unsigned char volt=0;
  38   1              if(keycode==0x26){
  39   2                      if(volt<25){
  40   3                              volt++;
  41   3                              SetDACOut(volt*255/25);
  42   3                      }
  43   2              }else if(keycode==0x28){
  44   2                      if(volt>0){
  45   3                              volt--;
  46   3                              SetDACOut(volt*255/25);
  47   3                      }
  48   2              }
  49   1      }
  50          
  51          void ConfigTimer0(unsigned int ms){
  52   1              unsigned long tmp;
  53   1              tmp=24576000/12*ms/1000;
  54   1              tmp=65536-tmp;
C51 COMPILER V9.60.0.0   MAIN                                                              06/13/2019 18:01:39 PAGE 2   

  55   1              tmp+=28;
  56   1              T0RH=(unsigned char)(tmp>>8);
  57   1              T0RL=(unsigned char)tmp;
  58   1              TMOD&=0xf0;
  59   1              TMOD|=0x01;
  60   1              TH0=T0RH;
  61   1              TL0=T0RL;
  62   1              ET0=1;
  63   1              TR0=1;
  64   1      }
  65          
  66          void InterruptTimer0() interrupt 1{
  67   1              TH0=T0RH;
  68   1              TL0=T0RL;
  69   1              KeyScan();
  70   1      }


MODULE INFORMATION:   STATIC OVERLAYABLE
   CODE SIZE        =    275    ----
   CONSTANT SIZE    =   ----    ----
   XDATA SIZE       =   ----    ----
   PDATA SIZE       =   ----    ----
   DATA SIZE        =      3       6
   IDATA SIZE       =   ----    ----
   BIT SIZE         =   ----    ----
END OF MODULE INFORMATION.


C51 COMPILATION COMPLETE.  0 WARNING(S),  0 ERROR(S)
