C51 COMPILER V9.02   MAIN                                                                  06/01/2019 03:34:52 PAGE 1   


C51 COMPILER V9.02, COMPILATION OF MODULE MAIN
OBJECT MODULE PLACED IN main.OBJ
COMPILER INVOKED BY: C:\Dev\program\51\C51\BIN\C51.EXE main.c BROWSE DEBUG OBJECTEXTEND

line level    source

   1          #include <reg51.h>
   2          
   3          unsigned char code LedCharYin[] = {
   4                  0x3f, 0x06, 0x5b, 0x4f,
   5                  0x66, 0x6d, 0x7d, 0x07,
   6                  0x7f, 0x6f, 0x77, 0x7c,
   7                  0x39, 0x5e, 0x79, 0x71
   8          };
   9          
  10          unsigned char LedBuff[8] = {
  11                  0xff,0xff,0xff,0xff,
  12                  0xff,0xff,0xff,0xff
  13          };
  14          
  15          unsigned char T0RH=0;
  16          unsigned char T0RL=0;
  17          extern bit irflag;
  18          extern unsigned char ircode[4];
  19          extern void InitInfrared();
  20          void ConfigTimer0(unsigned int ms);
  21          
  22          void main(void){
  23   1              EA=1;
  24   1              InitInfrared();
  25   1              ConfigTimer0(1);
  26   1              PT0=1;
  27   1      
  28   1              while(1){
  29   2                      if(irflag){
  30   3                              irflag=0;
  31   3                              LedBuff[5] = LedCharYin[ircode[0]>>4];
  32   3                              LedBuff[4] = LedCharYin[ircode[0]&0x0f];
  33   3                              LedBuff[1] = LedCharYin[ircode[2]>>4];
  34   3                              LedBuff[0] = LedCharYin[ircode[2]&0x0f];
  35   3                      }
  36   2              }       
  37   1      }
  38          
  39          void ConfigTimer0(unsigned int ms){
  40   1              unsigned long tmp;
  41   1              tmp = 12000000/12/1000*ms;
  42   1              tmp = 65536-tmp;
  43   1              tmp+=13;
  44   1              T0RH=(unsigned char)(tmp>>8);
  45   1              T0RL=(unsigned char)tmp;
  46   1      
  47   1              TMOD&=0xF0;
  48   1              TMOD|=0x01;
  49   1              TH0=T0RH;
  50   1              TL0=T0RL;
  51   1              ET0=1;
  52   1              TR0=1;
  53   1      }
  54          
  55          void LedScan(){
C51 COMPILER V9.02   MAIN                                                                  06/01/2019 03:34:52 PAGE 2   

  56   1              static unsigned char i=0;
  57   1              P0=0x00;
  58   1              P1=(P1&0xf8)|~i;
  59   1              P0=LedBuff[i];
  60   1              if(i<sizeof(LedBuff)-1){
  61   2                      i++;
  62   2              }else{
  63   2                      i=0;
  64   2              }
  65   1      }
  66          
  67          void InterruptTimer() interrupt 1{
  68   1              TH0=T0RH;
  69   1              TL0=T0RL;
  70   1              LedScan();
  71   1      }


MODULE INFORMATION:   STATIC OVERLAYABLE
   CODE SIZE        =    216    ----
   CONSTANT SIZE    =     16    ----
   XDATA SIZE       =   ----    ----
   PDATA SIZE       =   ----    ----
   DATA SIZE        =     11       4
   IDATA SIZE       =   ----    ----
   BIT SIZE         =   ----    ----
END OF MODULE INFORMATION.


C51 COMPILATION COMPLETE.  0 WARNING(S),  0 ERROR(S)
