C51 COMPILER V9.60.0.0   MAIN                                                              06/11/2019 17:39:15 PAGE 1   


C51 COMPILER V9.60.0.0, COMPILATION OF MODULE MAIN
OBJECT MODULE PLACED IN .\Objects\main.obj
COMPILER INVOKED BY: C:\Dev\program\51keil9\C51\BIN\C51.EXE main.c OPTIMIZE(8,SPEED) BROWSE DEBUG OBJECTEXTEND PRINT(.\L
                    -istings\main.lst) OBJECT(.\Objects\main.obj)

line level    source

   1          #include <reg52.h>
   2          
   3          extern void LcdInit();
   4          extern void LcdShowStr(unsigned char x,unsigned char y,unsigned char *str);
   5          extern void I2CStart();
   6          extern void I2CStop();
   7          extern unsigned char I2CReadACK();
   8          extern unsigned char I2CReadNAK();
   9          extern bit I2CWrite(unsigned char dat);
  10          
  11          
  12          void E2Read(unsigned char *buf,unsigned char addr,unsigned char len);
  13          void E2Write(unsigned char *buf,unsigned char addr,unsigned char len);
  14          void MemToStr(unsigned char *str,unsigned char *src,unsigned char len);
  15          
  16          void main(){
  17   1              unsigned char i;
  18   1              unsigned char buf[5];
  19   1              unsigned char str[20];
  20   1              LcdInit();
  21   1              
  22   1              E2Read(buf,0x00,sizeof(buf));   
  23   1              MemToStr(str,buf,sizeof(buf));
  24   1              LcdShowStr(0,0,str);
  25   1              
  26   1              for(i=0;i<sizeof(buf);i++){
  27   2                      buf[i]=buf[i]+1+i;
  28   2              }
  29   1              E2Write(buf,0x00,sizeof(buf));
  30   1              
  31   1              E2Read(buf,0x00,sizeof(buf));   
  32   1              MemToStr(str,buf,sizeof(buf));
  33   1              LcdShowStr(0,1,str);
  34   1              
  35   1      
  36   1              while(1);
  37   1      }
  38          
  39          void MemToStr(unsigned char *str,unsigned char *src,unsigned char len){
  40   1              unsigned char tmp;
  41   1              while(len--){
  42   2                      tmp=*src>>4;
  43   2                      if(tmp<=9){
  44   3                              *str++=tmp+'0';
  45   3                      }else{
  46   3                              *str++=tmp-10+'A';
  47   3                      }
  48   2                      
  49   2                      tmp=*src&0x0f;
  50   2                      if(tmp<=9){
  51   3                              *str++=tmp+'0';
  52   3                      }else{
  53   3                              *str++=tmp-10+'A';
  54   3                      }
C51 COMPILER V9.60.0.0   MAIN                                                              06/11/2019 17:39:15 PAGE 2   

  55   2                      *str++=' ';
  56   2                      src++;
  57   2              }
  58   1      }
  59          
  60          void E2Read(unsigned char *buf,unsigned char addr,unsigned char len){
  61   1              do{
  62   2                      I2CStart();
  63   2                      if(I2CWrite(0x50<<1)){
  64   3                              break;
  65   3                      }
  66   2                      I2CStop();
  67   2              }while(1);
  68   1              
  69   1              I2CWrite(addr);
  70   1              I2CStart();
  71   1              I2CWrite((0x50<<1)|0x01);
  72   1              while(len>1){
  73   2                      *buf++=I2CReadACK();
  74   2                      len--;
  75   2              }
  76   1              *buf=I2CReadNAK();
  77   1              I2CStop();
  78   1      }
  79          
  80          void E2Write(unsigned char *buf,unsigned char addr,unsigned char len){
  81   1              while(len--){
  82   2                      do{
  83   3                              I2CStart();
  84   3                              if(I2CWrite(0x50<<1)){
  85   4                                      break;
  86   4                              }
  87   3                              I2CStop();
  88   3                      }while(1);
  89   2                      
  90   2                      I2CWrite(addr++);
  91   2                      I2CWrite(*buf++);
  92   2                      I2CStop();
  93   2              }
  94   1      }


MODULE INFORMATION:   STATIC OVERLAYABLE
   CODE SIZE        =    433    ----
   CONSTANT SIZE    =   ----    ----
   XDATA SIZE       =   ----    ----
   PDATA SIZE       =   ----    ----
   DATA SIZE        =   ----      42
   IDATA SIZE       =   ----    ----
   BIT SIZE         =   ----    ----
END OF MODULE INFORMATION.


C51 COMPILATION COMPLETE.  0 WARNING(S),  0 ERROR(S)
