C51 COMPILER V9.60.0.0   MAIN                                                              06/05/2019 06:18:04 PAGE 1   


C51 COMPILER V9.60.0.0, COMPILATION OF MODULE MAIN
OBJECT MODULE PLACED IN .\Objects\main.obj
COMPILER INVOKED BY: C:\Dev\program\51keil9\C51\BIN\C51.EXE main.c OPTIMIZE(8,SPEED) BROWSE DEBUG OBJECTEXTEND PRINT(.\L
                    -istings\main.lst) OBJECT(.\Objects\main.obj)

line level    source

   1          #include <reg52.h>
   2          
   3          sbit OUT=P3^7;
   4          sbit ACT=P3^2;
   5          
   6          void main(void){
   7   1              while(1){
   8   2                      if(OUT){
   9   3                              ACT=1;
  10   3                      }else{
  11   3                              ACT=0;
  12   3                      }
  13   2              }
  14   1              
  15   1              
  16   1      }


MODULE INFORMATION:   STATIC OVERLAYABLE
   CODE SIZE        =     11    ----
   CONSTANT SIZE    =   ----    ----
   XDATA SIZE       =   ----    ----
   PDATA SIZE       =   ----    ----
   DATA SIZE        =   ----    ----
   IDATA SIZE       =   ----    ----
   BIT SIZE         =   ----    ----
END OF MODULE INFORMATION.


C51 COMPILATION COMPLETE.  0 WARNING(S),  0 ERROR(S)
