C51 COMPILER V9.60.0.0   I2C                                                               06/12/2019 22:08:06 PAGE 1   


C51 COMPILER V9.60.0.0, COMPILATION OF MODULE I2C
OBJECT MODULE PLACED IN .\Objects\I2C.obj
COMPILER INVOKED BY: C:\Dev\program\51keil9\C51\BIN\C51.EXE I2C.c OPTIMIZE(8,SPEED) BROWSE DEBUG OBJECTEXTEND PRINT(.\Li
                    -stings\I2C.lst) OBJECT(.\Objects\I2C.obj)

line level    source

   1          #include <reg52.h>
   2          
   3          sbit I2C_SCL=P2^1;
   4          sbit I2C_SDA=P2^0;
   5          
   6          void I2C_Delay10us();
   7          void I2C_Start();
   8          void I2C_Stop();
   9          unsigned char I2C_SendByte(unsigned char dat,unsigned char ack);
  10          unsigned char I2C_ReadByte();
  11          
  12          
  13          void I2C_Delay10us(){
  14   1              unsigned char a;
  15   1              unsigned char b;
  16   1              for(b=1;b>0;b--){
  17   2                      for(a=2;a>0;a--);
  18   2              }
  19   1      }
  20          void I2C_Start(){
  21   1              I2C_SDA=1;
  22   1              I2C_Delay10us();
  23   1              I2C_SCL=1;
  24   1              I2C_Delay10us();
  25   1              I2C_SDA=0;
  26   1              I2C_Delay10us();
  27   1              I2C_SCL=0;
  28   1              I2C_Delay10us();
  29   1      }
  30          void I2C_Stop(){
  31   1              I2C_SDA=0;
  32   1              I2C_Delay10us();
  33   1              I2C_SCL=1;
  34   1              I2C_Delay10us();        
  35   1              I2C_SDA=1;
  36   1              I2C_Delay10us();
  37   1      }
  38          unsigned char I2C_SendByte(unsigned char dat,unsigned char ack){
  39   1              unsigned char a;
  40   1              unsigned char b;
  41   1              for(a=0;a<8;a++){
  42   2                      I2C_SDA=dat>>7;
  43   2                      dat=dat<<1;
  44   2                      I2C_Delay10us();
  45   2                      I2C_SCL=1;
  46   2                      I2C_Delay10us();
  47   2                      I2C_SCL=0;
  48   2                      I2C_Delay10us();
  49   2              }
  50   1              I2C_SDA=1;
  51   1              I2C_Delay10us();
  52   1              I2C_SCL=1;
  53   1              while(I2C_SDA&&(ack==1)){
  54   2                      b++;
C51 COMPILER V9.60.0.0   I2C                                                               06/12/2019 22:08:06 PAGE 2   

  55   2                      if(b>200){
  56   3                              I2C_SCL=0;
  57   3                              I2C_Delay10us();
  58   3                              return 0;
  59   3                      }
  60   2              }
  61   1              I2C_SCL=0;
  62   1              I2C_Delay10us();
  63   1              return 1;
  64   1      }
  65          unsigned char I2C_ReadByte(){
  66   1              unsigned char a;        
  67   1              unsigned char dat;
  68   1              I2C_SDA=1;
  69   1              I2C_Delay10us();
  70   1              for(a=0;a<8;a++){
  71   2                      I2C_SCL=1;
  72   2                      I2C_Delay10us();
  73   2                      dat<<=1;
  74   2                      dat|=I2C_SDA;
  75   2                      I2C_Delay10us();
  76   2                      I2C_SCL=0;
  77   2                      I2C_Delay10us();
  78   2              }
  79   1              return dat;
  80   1      }


MODULE INFORMATION:   STATIC OVERLAYABLE
   CODE SIZE        =    191    ----
   CONSTANT SIZE    =   ----    ----
   XDATA SIZE       =   ----    ----
   PDATA SIZE       =   ----    ----
   DATA SIZE        =   ----       1
   IDATA SIZE       =   ----    ----
   BIT SIZE         =   ----    ----
END OF MODULE INFORMATION.


C51 COMPILATION COMPLETE.  0 WARNING(S),  0 ERROR(S)
