C51 COMPILER V9.60.0.0   MAIN                                                              06/12/2019 22:10:57 PAGE 1   


C51 COMPILER V9.60.0.0, COMPILATION OF MODULE MAIN
OBJECT MODULE PLACED IN .\Objects\main.obj
COMPILER INVOKED BY: C:\Dev\program\51keil9\C51\BIN\C51.EXE main.c OPTIMIZE(8,SPEED) BROWSE DEBUG OBJECTEXTEND PRINT(.\L
                    -istings\main.lst) OBJECT(.\Objects\main.obj)

line level    source

   1          #include <reg52.h>
   2          
   3          extern void LcdInit();
   4          extern void LcdShowStr(unsigned char x,unsigned char y,unsigned char *str);
   5          extern void I2C_Start();
   6          extern void I2C_Stop();
   7          extern unsigned char I2C_SendByte(unsigned char dat,unsigned char ack);
   8          extern unsigned char I2C_ReadByte();
   9                  
  10          unsigned char E2Read(unsigned char addr);
  11          void E2Write(unsigned char addr,unsigned char dat);
  12          void MemToStr(unsigned char *str,unsigned char *src,unsigned char len);
  13          
  14          void main(void){
  15   1              unsigned char num0=0xab;
  16   1              unsigned char ret[4];
  17   1              unsigned char str[10];
  18   1              LcdInit();
  19   1              E2Write(2,num0);
  20   1              ret[0] = E2Read(2);
  21   1              MemToStr(str,ret,sizeof(ret));
  22   1              LcdShowStr(0,0,str);
  23   1              while(1);
  24   1      }
  25          
  26          unsigned char E2Read(unsigned char addr){
  27   1              unsigned char num;
  28   1              do{
  29   2                      
  30   2              
  31   2                      I2C_Start();
  32   2                      if(I2C_SendByte(0xa0,1)){
  33   3                              break;
  34   3                      }               
  35   2              }while(1);
  36   1              
  37   1              I2C_SendByte(addr,1);
  38   1              I2C_Start();
  39   1              I2C_SendByte(0xa1,1);
  40   1              num=I2C_ReadByte();
  41   1              I2C_Stop();
  42   1              return num;
  43   1      }
  44          
  45          void E2Write(unsigned char addr,unsigned char dat){
  46   1              do{
  47   2                      
  48   2                      
  49   2                      I2C_Start();
  50   2                      if(I2C_SendByte(0xa0,1)){
  51   3                              break;
  52   3                      }
  53   2              }while(1);
  54   1              
C51 COMPILER V9.60.0.0   MAIN                                                              06/12/2019 22:10:57 PAGE 2   

  55   1              I2C_SendByte(addr,1);
  56   1              I2C_SendByte(dat,0);
  57   1              I2C_Stop();
  58   1      }
  59          
  60          void MemToStr(unsigned char *str,unsigned char *src,unsigned char len){
  61   1              unsigned char tmp;
  62   1              while(len--){
  63   2                      tmp=*src>>4;
  64   2                      if(tmp<=9){
  65   3                              *str++=tmp+'0';
  66   3                      }else{
  67   3                              *str++=tmp-10+'A';
  68   3                      }
  69   2                      
  70   2                      tmp=*src&0x0f;
  71   2                      if(tmp<=9){
  72   3                              *str++=tmp+'0';
  73   3                      }else{
  74   3                              *str++=tmp-10+'A';
  75   3                      }
  76   2                      *str++=' ';
  77   2                      src++;
  78   2              }
  79   1      }


MODULE INFORMATION:   STATIC OVERLAYABLE
   CODE SIZE        =    305    ----
   CONSTANT SIZE    =   ----    ----
   XDATA SIZE       =   ----    ----
   PDATA SIZE       =   ----    ----
   DATA SIZE        =   ----      26
   IDATA SIZE       =   ----    ----
   BIT SIZE         =   ----    ----
END OF MODULE INFORMATION.


C51 COMPILATION COMPLETE.  0 WARNING(S),  0 ERROR(S)
