C51 COMPILER V9.60.0.0   MAIN                                                              06/09/2019 23:51:23 PAGE 1   


C51 COMPILER V9.60.0.0, COMPILATION OF MODULE MAIN
OBJECT MODULE PLACED IN .\Objects\main.obj
COMPILER INVOKED BY: C:\Dev\program\51keil9\C51\BIN\C51.EXE main.c OPTIMIZE(8,SPEED) BROWSE DEBUG OBJECTEXTEND PRINT(.\L
                    -istings\main.lst) OBJECT(.\Objects\main.obj)

line level    source

   1          #include <reg52.h>
   2          #define HEART 24000000
   3          
   4          sbit BUZZ=P0^0;
   5          
   6          unsigned int code NoteFreq[]={
   7                  523, 587, 659, 698, 784, 880, 988,
   8              1047, 1175, 1319, 1397, 1568, 1760, 1976
   9          };
  10          
  11          unsigned int code NoteReload[] = { 
  12              65536 - (HEART/12) / (523*2), //1
  13              65536 - (HEART/12) / (587*2), //2
  14              65536 - (HEART/12) / (659*2), //3
  15              65536 - (HEART/12) / (698*2), //4
  16              65536 - (HEART/12) / (784*2), //5
  17              65536 - (HEART/12) / (880*2), //6
  18              65536 - (HEART/12) / (988*2), //7
  19              65536 - (HEART/12) / (1047*2), //1
  20              65536 - (HEART/12) / (1175*2), //2
  21              65536 - (HEART/12) / (1319*2), //3
  22              65536 - (HEART/12) / (1397*2), //4
  23              65536 - (HEART/12) / (1568*2), //5
  24              65536 - (HEART/12) / (1760*2), //6
  25              65536 - (HEART/12) / (1976*2), //7
  26          };
  27          
  28          
  29          bit enable =1;
  30          bit tmflag =0;
  31          unsigned char T0RH=0xff;
  32          unsigned char T0RL=0x00;
  33          void ConfigTimer0();
  34          void PlayMusic();
  35          
  36          void main(void){
  37   1              unsigned int i;
  38   1              EA=1;
  39   1              ConfigTimer0();
  40   1              while(1){
  41   2                      PlayMusic();
  42   2                      for(i=0;i<40000;i++);
  43   2              }
  44   1      }
  45          
  46          void ConfigTimer0(){
  47   1              TH0=T0RH;
  48   1              TL0=T0RL;
  49   1              TMOD&=0xf0;
  50   1              TMOD|=0x01;     
  51   1              ET0=1;
  52   1              TR0=1;
  53   1      }
  54          
C51 COMPILER V9.60.0.0   MAIN                                                              06/09/2019 23:51:23 PAGE 2   

  55          void InterruptTimer0() interrupt 1{
  56   1              TH0=T0RH;
  57   1              TL0=T0RL;
  58   1              tmflag=1;
  59   1              if(enable){
  60   2                      BUZZ=~BUZZ;
  61   2              }else{
  62   2                      BUZZ=1;
  63   2              }
  64   1      }
  65          
  66          void PlayMusic(){
  67   1              unsigned char beat;
  68   1              unsigned char note;
  69   1              unsigned int time=0;
  70   1              unsigned int beatTime=0;
  71   1              unsigned int soundTime=0;
  72   1              unsigned char code TwoTigerNote[]={
  73   1                      1,   2,   3, 1,    1,   2,   3, 1,     3, 4, 5,   3, 4, 5,
  74   1                      5,6, 5,4, 3, 1,    5,6, 5,4, 3, 1,     1, 5, 1,   1, 5, 1,
  75   1              };
  76   1              unsigned char code TwotTigerBeat[]={
  77   1                      4,   4,   4, 4,   4,   4,   4, 4,    4, 4, 8,   4, 4, 8,
  78   1                      3,1, 3,1, 4, 4,   3,1, 3,1, 4, 4,    4, 4, 8,   4, 4, 8,
  79   1              };
  80   1              for(beat=0;beat<sizeof(TwoTigerNote);){
  81   2                      while(!tmflag);
  82   2                      tmflag=0;
  83   2                      if(time==0){
  84   3                              note=TwoTigerNote[beat]-1;
  85   3                              T0RH=NoteReload[note]>>8;
  86   3                              T0RL=NoteReload[note];
  87   3                              beatTime=(TwotTigerBeat[beat]*NoteFreq[note])>>2;
  88   3                              soundTime=beatTime-(beatTime>>2);
  89   3                              enable=1;
  90   3                              time++;
  91   3                      }else{
  92   3                              if(time>=beatTime){
  93   4                                      time=0;
  94   4                                      beat++;
  95   4                              }else{
  96   4                                      time++;
  97   4                                      if(time==soundTime){
  98   5                                              enable=0;
  99   5                                      }
 100   4                              }
 101   3                      }
 102   2              }
 103   1      }


MODULE INFORMATION:   STATIC OVERLAYABLE
   CODE SIZE        =    245    ----
   CONSTANT SIZE    =    120    ----
   XDATA SIZE       =   ----    ----
   PDATA SIZE       =   ----    ----
   DATA SIZE        =      2       1
   IDATA SIZE       =   ----    ----
   BIT SIZE         =      2    ----
END OF MODULE INFORMATION.


C51 COMPILATION COMPLETE.  0 WARNING(S),  0 ERROR(S)
