C51 COMPILER V9.60.0.0   MAIN                                                              06/10/2019 10:16:56 PAGE 1   


C51 COMPILER V9.60.0.0, COMPILATION OF MODULE MAIN
OBJECT MODULE PLACED IN .\Objects\main.obj
COMPILER INVOKED BY: C:\Dev\program\51keil9\C51\BIN\C51.EXE main.c OPTIMIZE(8,SPEED) BROWSE DEBUG OBJECTEXTEND PRINT(.\L
                    -istings\main.lst) OBJECT(.\Objects\main.obj)

line level    source

   1          #include <reg52.h>
   2          
   3          unsigned char T0RH=0;
   4          unsigned char T0RL=0;
   5          
   6          void ConfigTimer0(unsigned int ms);
   7          extern void UartDriver();
   8          extern void ConfigUART(unsigned int baud);
   9          extern void UartRxMonitor(unsigned char ms);
  10          extern void UartWrite(unsigned char *buf,unsigned char len);
  11          
  12          void main(void){
  13   1              EA=1;
  14   1              ConfigTimer0(1);
  15   1              ConfigUART(9600);
  16   1              while(1){
  17   2                      UartDriver();
  18   2              }               
  19   1      }
  20          
  21          void ConfigTimer0(unsigned int ms){
  22   1              unsigned long tmp;
  23   1              tmp=24576000/12/1000*ms;
  24   1              tmp=65536-tmp;
  25   1              tmp+=33;
  26   1              T0RH=(unsigned char)(tmp>>8);
  27   1              T0RL=(unsigned char)tmp;
  28   1              TMOD&=0xf0;
  29   1              TMOD|=0x01;
  30   1              TH0=T0RH;
  31   1              TL0=T0RL;
  32   1              ET0=1;
  33   1              TR0=1;
  34   1      }
  35          
  36          void InterruptTimer0() interrupt 1{
  37   1              TH0=T0RH;
  38   1              TL0=T0RL;
  39   1              UartRxMonitor(1);
  40   1      }
  41          
  42          void UartAction(unsigned char *buf,unsigned char len){
  43   1              buf[len++]='\r';
  44   1              buf[len++]='\n';
  45   1              UartWrite(buf,len);
  46   1      }
  47          


MODULE INFORMATION:   STATIC OVERLAYABLE
   CODE SIZE        =    219    ----
   CONSTANT SIZE    =   ----    ----
   XDATA SIZE       =   ----    ----
   PDATA SIZE       =   ----    ----
C51 COMPILER V9.60.0.0   MAIN                                                              06/10/2019 10:16:56 PAGE 2   

   DATA SIZE        =      2       7
   IDATA SIZE       =   ----    ----
   BIT SIZE         =   ----    ----
END OF MODULE INFORMATION.


C51 COMPILATION COMPLETE.  0 WARNING(S),  0 ERROR(S)
