C51 COMPILER V9.60.0.0   RS585                                                             06/10/2019 10:16:56 PAGE 1   


C51 COMPILER V9.60.0.0, COMPILATION OF MODULE RS585
OBJECT MODULE PLACED IN .\Objects\rs585.obj
COMPILER INVOKED BY: C:\Dev\program\51keil9\C51\BIN\C51.EXE rs585.c OPTIMIZE(8,SPEED) BROWSE DEBUG OBJECTEXTEND PRINT(.\
                    -Listings\rs585.lst) OBJECT(.\Objects\rs585.obj)

line level    source

   1          #include <reg52.h>
   2          #include <intrins.h>
   3          
   4          sbit DIR=P1^0;
   5          bit flagFrame=0;
   6          bit flagTxd=0;
   7          unsigned char cntRxd=0;
   8          unsigned char pdata bufRxd[64];
   9          
  10          void UartDriver();
  11          void Delay10us(unsigned char t);
  12          void ConfigUART(unsigned int baud);
  13          void UartRxMonitor(unsigned char ms);
  14          void UartWrite(unsigned char *buf,unsigned char len);
  15          unsigned char UartRead(unsigned char *buf,unsigned char len);
  16          extern void UartAction(unsigned char *buf,unsigned char len);
  17          
  18          void ConfigUART(unsigned int baud){
  19   1              DIR=0;
  20   1              SCON=0x50;
  21   1              TMOD&=0xf0;
  22   1              TH1=256-(24576000/12/32)/baud;
  23   1              TL1=TH1;
  24   1              ET1=0;
  25   1              ES=1;
  26   1              TR1=1;
  27   1      }
  28          
  29          void InterruptUART() interrupt 4{
  30   1              if(RI){
  31   2                      RI=0;
  32   2                      if(cntRxd<sizeof(bufRxd)){
  33   3                              bufRxd[cntRxd++]=SBUF;
  34   3                      }
  35   2              }
  36   1              if(TI){
  37   2                      TI=0;
  38   2                      flagTxd=1;
  39   2              }
  40   1      }
  41          
  42          void Delay10us(unsigned char t){
  43   1              do{
  44   2                      _nop_();
  45   2              _nop_();
  46   2              _nop_();
  47   2              _nop_();
  48   2              _nop_();
  49   2              _nop_();
  50   2              _nop_();
  51   2              _nop_();
  52   2              }while(--t);
  53   1      }
  54          
C51 COMPILER V9.60.0.0   RS585                                                             06/10/2019 10:16:56 PAGE 2   

  55          void UartWrite(unsigned char *buf,unsigned char len){
  56   1              DIR=1;
  57   1              while(len--){
  58   2                      flagTxd=0;
  59   2                      SBUF=*buf++;
  60   2                      while(!flagTxd);
  61   2              }
  62   1              Delay10us(5);
  63   1              DIR=0;
  64   1      }
  65          
  66          unsigned char UartRead(unsigned char *buf,unsigned char len){
  67   1              unsigned char i;
  68   1              if(len>cntRxd){
  69   2                      len=cntRxd;
  70   2              }
  71   1              for(i=0;i<len;++i){
  72   2                      *buf++=bufRxd[i];
  73   2              }
  74   1              cntRxd=0;
  75   1              return len;
  76   1      }
  77          
  78          void UartRxMonitor(unsigned char ms){
  79   1              static unsigned char cntbkp=0;
  80   1              static unsigned char idletime=0;
  81   1              if(cntRxd>0){
  82   2                      if(cntbkp!=cntRxd){
  83   3                              cntbkp=cntRxd;
  84   3                              idletime=0;
  85   3                      }else{
  86   3                              if(idletime<30){
  87   4                                      idletime+=ms;
  88   4                                      if(idletime>=30){
  89   5                                              flagFrame=1;
  90   5                                      }
  91   4                              }
  92   3                      }
  93   2              }else{
  94   2                      cntbkp=0;
  95   2              }
  96   1      }
  97          
  98          void UartDriver(){
  99   1              unsigned char len;
 100   1              unsigned char pdata buf[40];
 101   1              if(flagFrame){
 102   2                      flagFrame=0;
 103   2                      len=UartRead(buf,sizeof(buf)-2);
 104   2                      UartAction(buf,len);
 105   2              }
 106   1      }


MODULE INFORMATION:   STATIC OVERLAYABLE
   CODE SIZE        =    289    ----
   CONSTANT SIZE    =   ----    ----
   XDATA SIZE       =   ----    ----
   PDATA SIZE       =     64      40
   DATA SIZE        =      3       6
   IDATA SIZE       =   ----    ----
   BIT SIZE         =      2    ----
C51 COMPILER V9.60.0.0   RS585                                                             06/10/2019 10:16:56 PAGE 3   

END OF MODULE INFORMATION.


C51 COMPILATION COMPLETE.  0 WARNING(S),  0 ERROR(S)
