C51 COMPILER V9.60.0.0   MAIN                                                              06/13/2019 20:52:15 PAGE 1   


C51 COMPILER V9.60.0.0, COMPILATION OF MODULE MAIN
OBJECT MODULE PLACED IN .\Objects\main.obj
COMPILER INVOKED BY: C:\Dev\program\51keil9\C51\BIN\C51.EXE main.c OPTIMIZE(8,SPEED) BROWSE DEBUG OBJECTEXTEND PRINT(.\L
                    -istings\main.lst) OBJECT(.\Objects\main.obj)

line level    source

   1          #include <reg52.h>
   2          
   3          unsigned char code SinWave[] = {
   4                  127, 152, 176, 198, 217, 233, 245, 252,
   5              255, 252, 245, 233, 217, 198, 176, 152,
   6              127, 102, 78, 56, 37, 21, 9, 2,
   7              0, 2, 9, 21, 37, 56, 78, 102
   8          };
   9          
  10          unsigned char code TriWave[]={
  11                   0, 16, 32, 48, 64, 80, 96, 112,
  12              128, 144, 160, 176, 192, 208, 224, 240,
  13              255, 240, 224, 208, 192, 176, 160, 144,
  14              128, 112, 96, 80, 64, 48, 32, 16
  15          };
  16          
  17          unsigned char code SawWave[]={
  18                  0, 8, 16, 24, 32, 40, 48, 56,
  19              64, 72, 80, 88, 96, 104, 112, 120,
  20              128, 136, 144, 152, 160, 168, 176, 184,
  21              192, 200, 208, 216, 224, 232, 240, 248
  22          };
  23          
  24          
  25          unsigned char code *pWave;
  26          unsigned char T0RH=0;
  27          unsigned char T0RL=0;
  28          unsigned char T1RH=0;
  29          unsigned char T1RL=0;
  30          
  31          void ConfigTimer0(unsigned int ms);
  32          void SetWaveFreq(unsigned char freq);
  33          void SetWaveFreq(unsigned char freq);
  34          void KeyAction(unsigned char keycode);
  35          void SetDACOut(unsigned char val);
  36          
  37          extern void KeyScan();
  38          extern void KeyGet();
  39          extern void I2CStart();
  40          extern void I2CStop();
  41          extern bit I2CWrite(unsigned char dat);
  42          
  43          
  44          
  45          void main(){
  46   1              EA=1;
  47   1              ConfigTimer0(1);
  48   1              pWave=SinWave;
  49   1              SetWaveFreq(10);
  50   1              while(1){
  51   2                      KeyGet();
  52   2              }
  53   1      }
  54          
C51 COMPILER V9.60.0.0   MAIN                                                              06/13/2019 20:52:15 PAGE 2   

  55          void KeyAction(unsigned char keycode){
  56   1              static unsigned char i=0;
  57   1              if(keycode==0x26){
  58   2                      if(i==0){
  59   3                              i=1;
  60   3                              pWave=TriWave;
  61   3                      }else if(i==1){
  62   3                              i=2;
  63   3                              pWave=SawWave;
  64   3                      }else{
  65   3                              i=0;
  66   3                              pWave=SinWave;
  67   3                      }
  68   2              }
  69   1      }
  70          
  71          void SetDACOut(unsigned char val){
  72   1              I2CStart();
  73   1              if(!I2CWrite(0x48<<1)){
  74   2                      I2CStop();
  75   2                      return;
  76   2              }
  77   1              I2CWrite(0x40);
  78   1              I2CWrite(val);
  79   1              I2CStop();
  80   1      }
  81          
  82          void SetWaveFreq(unsigned char freq){
  83   1              unsigned long tmp;
  84   1              tmp=24576000/12/1000*freq;
  85   1              tmp=65536-tmp;
  86   1              tmp+=33;
  87   1              T1RH=(unsigned char)(tmp>>8);
  88   1              T1RL=(unsigned char)tmp;
  89   1              TMOD&=0x0f;
  90   1              TMOD|=0x10;
  91   1              TH1=T1RH;
  92   1              TL1=T1RL;
  93   1              ET1=1;
  94   1              PT1=1;
  95   1              TR1=1;
  96   1      }
  97          
  98          void ConfigTimer0(unsigned int ms){
  99   1              unsigned long tmp;
 100   1              tmp=24576000/12/1000*ms;
 101   1              tmp=65536-tmp;
 102   1              tmp+=28;
 103   1              T0RH=(unsigned char)(tmp>>8);
 104   1              T0RL=(unsigned char)tmp;
 105   1              TMOD&=0xf0;
 106   1              TMOD|=0x01;
 107   1              TH0=T0RH;
 108   1              TL0=T0RL;
 109   1              ET0=1;
 110   1              TR0=1;
 111   1      }
 112          
 113          void InterruptTimer0() interrupt 1{
 114   1              TH0=T0RH;
 115   1              TL0=T0RL;
 116   1              KeyScan();
C51 COMPILER V9.60.0.0   MAIN                                                              06/13/2019 20:52:15 PAGE 3   

 117   1      }
 118          
 119          void InterruptTimer1() interrupt 3{
 120   1              static unsigned char i=0;
 121   1              TH1=T1RH;
 122   1              TL1=T1RL;
 123   1              SetDACOut(pWave[i]);
 124   1              i++;
 125   1              if(i>=32){
 126   2                      i=0;
 127   2              }
 128   1      }
 129          


MODULE INFORMATION:   STATIC OVERLAYABLE
   CODE SIZE        =    455    ----
   CONSTANT SIZE    =     96    ----
   XDATA SIZE       =   ----    ----
   PDATA SIZE       =   ----    ----
   DATA SIZE        =      8       9
   IDATA SIZE       =   ----    ----
   BIT SIZE         =   ----    ----
END OF MODULE INFORMATION.


C51 COMPILATION COMPLETE.  0 WARNING(S),  0 ERROR(S)
